TN:
SF:script/Counter.s.sol
DA:10,0
FN:10,CounterScript.setUp
FNDA:0,CounterScript.setUp
DA:12,0
FN:12,CounterScript.run
FNDA:0,CounterScript.run
DA:13,0
DA:15,0
DA:17,0
FNF:2
FNH:0
LF:5
LH:0
BRF:0
BRH:0
end_of_record
TN:
SF:script/Deploy.s.sol
DA:20,0
FN:20,DeployScript.setUp
FNDA:0,DeployScript.setUp
DA:22,0
DA:24,0
DA:25,0
DA:28,0
FN:28,DeployScript.run
FNDA:0,DeployScript.run
DA:30,0
DA:32,0
DA:33,0
DA:35,0
DA:50,0
DA:53,0
DA:54,0
DA:55,0
DA:56,0
DA:59,0
DA:60,0
DA:61,0
DA:68,0
FN:68,DeployScript.configure
FNDA:0,DeployScript.configure
DA:69,0
DA:71,0
DA:73,0
DA:78,0
DA:80,0
FNF:3
FNH:0
LF:23
LH:0
BRF:0
BRH:0
end_of_record
TN:
SF:src/Counter.sol
DA:7,1004
FN:7,Counter.setNumber
FNDA:1004,Counter.setNumber
DA:8,1004
DA:11,1
FN:11,Counter.increment
FNDA:1,Counter.increment
DA:12,1
FNF:2
FNH:2
LF:4
LH:4
BRF:0
BRH:0
end_of_record
TN:
SF:test/unit/SampleTest.t.sol
DA:13,11
FN:13,MockERC20.constructor
FNDA:11,MockERC20.constructor
DA:14,11
FNF:1
FNH:1
LF:2
LH:2
BRF:0
BRH:0
end_of_record
